{"/home/williamaiadias/Documentos/UTFPR/TOPICOS/Cal_salarios/lib/Calculadora.js": {"path":"/home/williamaiadias/Documentos/UTFPR/TOPICOS/Cal_salarios/lib/Calculadora.js","statementMap":{"0":{"start":{"line":5,"column":8},"end":{"line":15,"column":9}},"1":{"start":{"line":8,"column":12},"end":{"line":12,"column":13}},"2":{"start":{"line":9,"column":16},"end":{"line":9,"column":56}},"3":{"start":{"line":10,"column":19},"end":{"line":12,"column":13}},"4":{"start":{"line":11,"column":16},"end":{"line":11,"column":56}},"5":{"start":{"line":14,"column":12},"end":{"line":14,"column":31}},"6":{"start":{"line":21,"column":0},"end":{"line":21,"column":29}}},"fnMap":{"0":{"name":"(anonymous_0)","decl":{"start":{"line":2,"column":4},"end":{"line":2,"column":5}},"loc":{"start":{"line":2,"column":17},"end":{"line":2,"column":19}},"line":2},"1":{"name":"(anonymous_1)","decl":{"start":{"line":4,"column":4},"end":{"line":4,"column":5}},"loc":{"start":{"line":4,"column":30},"end":{"line":18,"column":5}},"line":4}},"branchMap":{"0":{"loc":{"start":{"line":5,"column":8},"end":{"line":15,"column":9}},"type":"if","locations":[{"start":{"line":5,"column":8},"end":{"line":15,"column":9}},{"start":{"line":5,"column":8},"end":{"line":15,"column":9}}],"line":5},"1":{"loc":{"start":{"line":8,"column":12},"end":{"line":12,"column":13}},"type":"if","locations":[{"start":{"line":8,"column":12},"end":{"line":12,"column":13}},{"start":{"line":8,"column":12},"end":{"line":12,"column":13}}],"line":8},"2":{"loc":{"start":{"line":10,"column":19},"end":{"line":12,"column":13}},"type":"if","locations":[{"start":{"line":10,"column":19},"end":{"line":12,"column":13}},{"start":{"line":10,"column":19},"end":{"line":12,"column":13}}],"line":10}},"s":{"0":8,"1":2,"2":0,"3":0,"4":0,"5":0,"6":1},"f":{"0":1,"1":8},"b":{"0":[2,6],"1":[0,0],"2":[0,0]},"_coverageSchema":"1a1c01bbd47fc00a2c39e90264f33305004495a9","hash":"68ff34ab5bbc13295bc2bbae2e975e7d6f768019"}
}
